# JRE version: Java(TM) SE Runtime Environment (8.0_241-b07) (build 1.8.0_241-b07)
# Java VM: Java HotSpot(TM) 64-Bit Server VM (25.241-b07 mixed mode windows-amd64 compressed oops)
Heap:
 PSYoungGen      total 98816K, used 70944K [0x00000000d6180000, 0x00000000df480000, 0x0000000100000000)
  eden space 89088K, 68% used [0x00000000d6180000,0x00000000d9d4a5d0,0x00000000db880000)
  from space 9728K, 99% used [0x00000000deb00000,0x00000000df47dc18,0x00000000df480000)
  to   space 15872K, 0% used [0x00000000dd580000,0x00000000dd580000,0x00000000de500000)
 ParOldGen       total 67072K, used 18395K [0x0000000082400000, 0x0000000086580000, 0x00000000d6180000)
  object space 67072K, 27% used [0x0000000082400000,0x00000000835f6fc0,0x0000000086580000)
 Metaspace       used 25206K, capacity 25796K, committed 25984K, reserved 1073152K
  class space    used 2910K, capacity 3111K, committed 3200K, reserved 1048576K
GC Heap History (10 events):
Event: 3.597 GC heap before
{Heap before GC invocations=3 (full 0):
 PSYoungGen      total 37888K, used 37886K [0x00000000d6180000, 0x00000000d8b80000, 0x0000000100000000)
  eden space 32768K, 100% used [0x00000000d6180000,0x00000000d8180000,0x00000000d8180000)
  from space 5120K, 99% used [0x00000000d8680000,0x00000000d8b7fad0,0x00000000d8b80000)
  to   space 5120K, 0% used [0x00000000d8180000,0x00000000d8180000,0x00000000d8680000)
 ParOldGen       total 86016K, used 1309K [0x0000000082400000, 0x0000000087800000, 0x00000000d6180000)
  object space 86016K, 1% used [0x0000000082400000,0x0000000082547660,0x0000000087800000)
 Metaspace       used 14988K, capacity 15338K, committed 15616K, reserved 1062912K
  class space    used 1837K, capacity 1942K, committed 2048K, reserved 1048576K
Event: 3.612 GC heap after
Heap after GC invocations=3 (full 0):
 PSYoungGen      total 37888K, used 5112K [0x00000000d6180000, 0x00000000dab80000, 0x0000000100000000)
  eden space 32768K, 0% used [0x00000000d6180000,0x00000000d6180000,0x00000000d8180000)
  from space 5120K, 99% used [0x00000000d8180000,0x00000000d867e270,0x00000000d8680000)
  to   space 5120K, 0% used [0x00000000da680000,0x00000000da680000,0x00000000dab80000)
 ParOldGen       total 86016K, used 3375K [0x0000000082400000, 0x0000000087800000, 0x00000000d6180000)
  object space 86016K, 3% used [0x0000000082400000,0x000000008274bdf8,0x0000000087800000)
 Metaspace       used 14988K, capacity 15338K, committed 15616K, reserved 1062912K
  class space    used 1837K, capacity 1942K, committed 2048K, reserved 1048576K
}
Event: 4.564 GC heap before
{Heap before GC invocations=4 (full 0):
 PSYoungGen      total 37888K, used 37880K [0x00000000d6180000, 0x00000000dab80000, 0x0000000100000000)
  eden space 32768K, 100% used [0x00000000d6180000,0x00000000d8180000,0x00000000d8180000)
  from space 5120K, 99% used [0x00000000d8180000,0x00000000d867e270,0x00000000d8680000)
  to   space 5120K, 0% used [0x00000000da680000,0x00000000da680000,0x00000000dab80000)
 ParOldGen       total 86016K, used 3375K [0x0000000082400000, 0x0000000087800000, 0x00000000d6180000)
  object space 86016K, 3% used [0x0000000082400000,0x000000008274bdf8,0x0000000087800000)
 Metaspace       used 16549K, capacity 16922K, committed 17280K, reserved 1064960K
  class space    used 1968K, capacity 2082K, committed 2176K, reserved 1048576K
Event: 4.576 GC heap after
Heap after GC invocations=4 (full 0):
 PSYoungGen      total 70656K, used 5096K [0x00000000d6180000, 0x00000000dab80000, 0x0000000100000000)
  eden space 65536K, 0% used [0x00000000d6180000,0x00000000d6180000,0x00000000da180000)
  from space 5120K, 99% used [0x00000000da680000,0x00000000dab7a040,0x00000000dab80000)
  to   space 5120K, 0% used [0x00000000da180000,0x00000000da180000,0x00000000da680000)
 ParOldGen       total 86016K, used 5549K [0x0000000082400000, 0x0000000087800000, 0x00000000d6180000)
  object space 86016K, 6% used [0x0000000082400000,0x000000008296b670,0x0000000087800000)
 Metaspace       used 16549K, capacity 16922K, committed 17280K, reserved 1064960K
  class space    used 1968K, capacity 2082K, committed 2176K, reserved 1048576K
}
Event: 7.129 GC heap before
{Heap before GC invocations=5 (full 0):
 PSYoungGen      total 70656K, used 69010K [0x00000000d6180000, 0x00000000dab80000, 0x0000000100000000)
  eden space 65536K, 97% used [0x00000000d6180000,0x00000000d9fea830,0x00000000da180000)
  from space 5120K, 99% used [0x00000000da680000,0x00000000dab7a040,0x00000000dab80000)
  to   space 5120K, 0% used [0x00000000da180000,0x00000000da180000,0x00000000da680000)
 ParOldGen       total 86016K, used 5549K [0x0000000082400000, 0x0000000087800000, 0x00000000d6180000)
  object space 86016K, 6% used [0x0000000082400000,0x000000008296b670,0x0000000087800000)
 Metaspace       used 20722K, capacity 21130K, committed 21296K, reserved 1069056K
  class space    used 2488K, capacity 2610K, committed 2688K, reserved 1048576K
Event: 7.157 GC heap after
Heap after GC invocations=5 (full 0):
 PSYoungGen      total 70656K, used 5112K [0x00000000d6180000, 0x00000000df480000, 0x0000000100000000)
  eden space 65536K, 0% used [0x00000000d6180000,0x00000000d6180000,0x00000000da180000)
  from space 5120K, 99% used [0x00000000da180000,0x00000000da67e050,0x00000000da680000)
  to   space 9728K, 0% used [0x00000000deb00000,0x00000000deb00000,0x00000000df480000)
 ParOldGen       total 86016K, used 9150K [0x0000000082400000, 0x0000000087800000, 0x00000000d6180000)
  object space 86016K, 10% used [0x0000000082400000,0x0000000082cefba0,0x0000000087800000)
 Metaspace       used 20722K, capacity 21130K, committed 21296K, reserved 1069056K
  class space    used 2488K, capacity 2610K, committed 2688K, reserved 1048576K
}
Event: 7.157 GC heap before
{Heap before GC invocations=6 (full 1):
 PSYoungGen      total 70656K, used 5112K [0x00000000d6180000, 0x00000000df480000, 0x0000000100000000)
  eden space 65536K, 0% used [0x00000000d6180000,0x00000000d6180000,0x00000000da180000)
  from space 5120K, 99% used [0x00000000da180000,0x00000000da67e050,0x00000000da680000)
  to   space 9728K, 0% used [0x00000000deb00000,0x00000000deb00000,0x00000000df480000)
 ParOldGen       total 86016K, used 9150K [0x0000000082400000, 0x0000000087800000, 0x00000000d6180000)
  object space 86016K, 10% used [0x0000000082400000,0x0000000082cefba0,0x0000000087800000)
 Metaspace       used 20722K, capacity 21130K, committed 21296K, reserved 1069056K
  class space    used 2488K, capacity 2610K, committed 2688K, reserved 1048576K
Event: 7.271 GC heap after
Heap after GC invocations=6 (full 1):
 PSYoungGen      total 70656K, used 0K [0x00000000d6180000, 0x00000000df480000, 0x0000000100000000)
  eden space 65536K, 0% used [0x00000000d6180000,0x00000000d6180000,0x00000000da180000)
  from space 5120K, 0% used [0x00000000da180000,0x00000000da180000,0x00000000da680000)
  to   space 9728K, 0% used [0x00000000deb00000,0x00000000deb00000,0x00000000df480000)
 ParOldGen       total 67072K, used 9680K [0x0000000082400000, 0x0000000086580000, 0x00000000d6180000)
  object space 67072K, 14% used [0x0000000082400000,0x0000000082d74340,0x0000000086580000)
 Metaspace       used 20722K, capacity 21130K, committed 21296K, reserved 1069056K
  class space    used 2488K, capacity 2610K, committed 2688K, reserved 1048576K
}
Event: 12.437 GC heap before
{Heap before GC invocations=7 (full 1):
 PSYoungGen      total 70656K, used 65536K [0x00000000d6180000, 0x00000000df480000, 0x0000000100000000)
  eden space 65536K, 100% used [0x00000000d6180000,0x00000000da180000,0x00000000da180000)
  from space 5120K, 0% used [0x00000000da180000,0x00000000da180000,0x00000000da680000)
  to   space 9728K, 0% used [0x00000000deb00000,0x00000000deb00000,0x00000000df480000)
 ParOldGen       total 67072K, used 9680K [0x0000000082400000, 0x0000000086580000, 0x00000000d6180000)
  object space 67072K, 14% used [0x0000000082400000,0x0000000082d74340,0x0000000086580000)
 Metaspace       used 23307K, capacity 23740K, committed 23936K, reserved 1071104K
  class space    used 2725K, capacity 2836K, committed 2944K, reserved 1048576K
Event: 12.455 GC heap after
Heap after GC invocations=7 (full 1):
 PSYoungGen      total 98816K, used 9719K [0x00000000d6180000, 0x00000000df480000, 0x0000000100000000)
  eden space 89088K, 0% used [0x00000000d6180000,0x00000000d6180000,0x00000000db880000)
  from space 9728K, 99% used [0x00000000deb00000,0x00000000df47dc18,0x00000000df480000)
  to   space 15872K, 0% used [0x00000000dd580000,0x00000000dd580000,0x00000000de500000)
 ParOldGen       total 67072K, used 18395K [0x0000000082400000, 0x0000000086580000, 0x00000000d6180000)
  object space 67072K, 27% used [0x0000000082400000,0x00000000835f6fc0,0x0000000086580000)
 Metaspace       used 23307K, capacity 23740K, committed 23936K, reserved 1071104K
  class space    used 2725K, capacity 2836K, committed 2944K, reserved 1048576K
}

